146 INFO 2022-08-23 12:02:12,353 views 35980 37336 'Started the booking process'
146 INFO 2022-08-23 12:02:17,339 views 35980 37336 'Started the booking process'
146 INFO 2022-08-23 12:02:18,575 views 35980 37336 'Started the booking process'
146 INFO 2022-08-23 12:02:58,367 views 35980 37336 'Started the booking process'
25 DEBUG 2022-08-23 12:04:38,154 expired_shows 38052 1958499394736 celery background task started functioning for 1 min
25 DEBUG 2022-08-23 12:04:38,166 expired_shows 38052 1958499662864 celery background task started functioning for 1 min
25 DEBUG 2022-08-23 12:04:38,176 expired_shows 38052 1958499799056 celery background task started functioning for 1 min
25 DEBUG 2022-08-23 12:04:38,185 expired_shows 38052 1958499803632 celery background task started functioning for 1 min
41 DEBUG 2022-08-23 12:04:38,378 expired_shows 38052 1958499803632 celery background task finished functioning for 1 min
146 INFO 2022-08-23 12:05:00,624 views 35980 37336 'Started the booking process'
25 DEBUG 2022-08-23 12:06:00,652 expired_shows 38052 1958450767376 celery background task started functioning for 1 min
41 DEBUG 2022-08-23 12:06:00,778 expired_shows 38052 1958450767376 celery background task finished functioning for 1 min
146 INFO 2022-08-23 12:06:07,691 views 35980 37336 'Started the booking process'
146 INFO 2022-08-23 12:06:21,864 views 35980 37336 'Started the booking process'
174 ERROR 2022-08-23 12:06:21,882 views 35980 37336 'Seat is already booked'
146 INFO 2022-08-23 12:06:39,584 views 35980 37336 'Started the booking process'
25 DEBUG 2022-08-23 12:07:07,713 expired_shows 38052 1958500276480 celery background task started functioning for 1 min
25 DEBUG 2022-08-23 12:07:39,613 expired_shows 38052 1958409278512 celery background task started functioning for 1 min
41 DEBUG 2022-08-23 12:07:39,793 expired_shows 38052 1958409278512 celery background task finished functioning for 1 min
146 INFO 2022-08-23 12:08:16,093 views 33796 35896 'Started the booking process'
25 DEBUG 2022-08-23 12:09:16,154 expired_shows 38052 1958498695328 celery background task started functioning for 1 min
41 DEBUG 2022-08-23 12:09:16,233 expired_shows 38052 1958498695328 celery background task finished functioning for 1 min
25 DEBUG 2022-08-23 12:13:30,860 expired_shows 38052 1958499389280 celery background task started functioning for 1 min
41 DEBUG 2022-08-23 12:13:30,919 expired_shows 38052 1958499389280 celery background task finished functioning for 1 min
25 DEBUG 2022-08-23 12:16:50,732 expired_shows 38052 1958450767376 celery background task started functioning for 1 min
41 DEBUG 2022-08-23 12:16:50,820 expired_shows 38052 1958450767376 celery background task finished functioning for 1 min
25 DEBUG 2022-08-23 12:18:29,738 expired_shows 38052 1958500284224 celery background task started functioning for 1 min
41 DEBUG 2022-08-23 12:18:29,830 expired_shows 38052 1958500284224 celery background task finished functioning for 1 min
25 DEBUG 2022-08-23 12:19:32,333 expired_shows 38052 1958499001168 celery background task started functioning for 1 min
41 DEBUG 2022-08-23 12:19:32,405 expired_shows 38052 1958499001168 celery background task finished functioning for 1 min
25 DEBUG 2022-08-23 12:20:20,580 expired_shows 38052 1958479727952 celery background task started functioning for 1 min
41 DEBUG 2022-08-23 12:20:20,779 expired_shows 38052 1958479727952 celery background task finished functioning for 1 min
25 DEBUG 2022-08-23 12:20:51,381 expired_shows 38052 1958498995008 celery background task started functioning for 1 min
146 INFO 2022-08-23 12:21:48,835 views 37496 34164 'Started the booking process'
174 ERROR 2022-08-23 12:21:48,860 views 37496 34164 'Seat is already booked'
146 INFO 2022-08-23 12:05:43,663 views 13 140428552813368 'Started the booking process'
174 ERROR 2022-08-23 12:05:43,676 views 13 140428552813368 'Show matching query does not exist.'
146 INFO 2022-08-23 12:06:04,409 views 13 140428552813368 'Started the booking process'
25 DEBUG 2022-08-23 12:07:04,505 expired_shows 1 140222913986624 celery background task started functioning for 1 min
41 DEBUG 2022-08-23 12:07:04,553 expired_shows 1 140222913986624 celery background task finished functioning for 1 min
146 INFO 2022-08-23 12:09:55,345 views 13 140428552813368 'Started the booking process'
25 DEBUG 2022-08-23 12:10:55,416 expired_shows 1 140222913987152 celery background task started functioning for 1 min
41 DEBUG 2022-08-23 12:10:55,473 expired_shows 1 140222913987152 celery background task finished functioning for 1 min
146 INFO 2022-08-23 13:01:21,311 views 11 140624962067256 'Started the booking process'
25 DEBUG 2022-08-23 13:02:21,387 expired_shows 1 140409592010480 celery background task started functioning for 1 min
41 DEBUG 2022-08-23 13:02:21,412 expired_shows 1 140409592010480 celery background task finished functioning for 1 min
146 INFO 2022-08-23 13:02:31,297 views 11 140624962067256 'Started the booking process'
25 DEBUG 2022-08-23 13:03:31,358 expired_shows 1 140409591790256 celery background task started functioning for 1 min
41 DEBUG 2022-08-23 13:03:31,380 expired_shows 1 140409591790256 celery background task finished functioning for 1 min
146 INFO 2022-08-23 13:05:15,365 views 22 140069101407032 'Started the booking process'
174 ERROR 2022-08-23 13:05:15,383 views 22 140069101407032 'Seat is already booked'
146 INFO 2022-08-23 13:05:28,113 views 22 140069101407032 'Started the booking process'
25 DEBUG 2022-08-23 13:06:28,178 expired_shows 1 140409591785152 celery background task started functioning for 1 min
41 DEBUG 2022-08-23 13:06:28,211 expired_shows 1 140409591785152 celery background task finished functioning for 1 min
146 INFO 2022-08-23 13:06:34,124 views 33 139726547872568 'Started the booking process'
25 DEBUG 2022-08-24 08:44:43,307 expired_shows 1 140080802863360 celery background task started functioning for 1 min
41 DEBUG 2022-08-24 08:44:43,415 expired_shows 1 140080802863360 celery background task finished functioning for 1 min
146 INFO 2022-08-24 08:59:42,381 views 11 139982060702520 'Started the booking process'
174 ERROR 2022-08-24 08:59:42,392 views 11 139982060702520 'Seat is already booked'
146 INFO 2022-08-24 09:00:11,734 views 11 139982060702520 'Started the booking process'
25 DEBUG 2022-08-24 09:01:11,788 expired_shows 1 140024670764576 celery background task started functioning for 1 min
41 DEBUG 2022-08-24 09:01:11,827 expired_shows 1 140024670764576 celery background task finished functioning for 1 min
146 INFO 2022-08-24 09:01:57,254 views 19 140113210030904 'Started the booking process'
25 DEBUG 2022-08-24 09:02:57,305 expired_shows 1 140024672578624 celery background task started functioning for 1 min
41 DEBUG 2022-08-24 09:02:57,370 expired_shows 1 140024672578624 celery background task finished functioning for 1 min
